<?xml version="1.0" encoding="UTF-8"?>
<testng-results ignored="0" total="1" passed="1" failed="0" skipped="0">
  <reporter-output>
  </reporter-output>
  <suite started-at="2023-12-29T21:33:30 IST" name="Default suite" finished-at="2023-12-29T21:34:05 IST" duration-ms="35343">
    <groups>
    </groups>
    <test started-at="2023-12-29T21:33:30 IST" name="Default test" finished-at="2023-12-29T21:34:05 IST" duration-ms="35343">
      <class name="TestCases.Addtocart_TC_001">
        <test-method is-config="true" signature="launchingBrowser()[pri:0, instance:TestCases.Addtocart_TC_001@50f6ac94]" started-at="2023-12-29T21:33:30 IST" name="launchingBrowser" finished-at="2023-12-29T21:33:34 IST" duration-ms="3804" status="PASS">
          <reporter-output>
          </reporter-output>
        </test-method> <!-- launchingBrowser -->
        <test-method is-config="true" signature="loginToApplication()[pri:0, instance:TestCases.Addtocart_TC_001@50f6ac94]" started-at="2023-12-29T21:33:34 IST" name="loginToApplication" finished-at="2023-12-29T21:33:40 IST" duration-ms="6499" status="PASS">
          <reporter-output>
          </reporter-output>
        </test-method> <!-- loginToApplication -->
        <test-method signature="TC_Login_003()[pri:0, instance:TestCases.Addtocart_TC_001@50f6ac94]" started-at="2023-12-29T21:33:40 IST" name="TC_Login_003" finished-at="2023-12-29T21:33:57 IST" duration-ms="17131" status="PASS">
          <reporter-output>
          </reporter-output>
        </test-method> <!-- TC_Login_003 -->
        <test-method is-config="true" signature="LogoutFromApplication()[pri:0, instance:TestCases.Addtocart_TC_001@50f6ac94]" started-at="2023-12-29T21:33:57 IST" name="LogoutFromApplication" finished-at="2023-12-29T21:34:05 IST" duration-ms="7861" status="PASS">
          <reporter-output>
          </reporter-output>
        </test-method> <!-- LogoutFromApplication -->
        <test-method is-config="true" signature="TestServerStop()[pri:0, instance:TestCases.Addtocart_TC_001@50f6ac94]" started-at="2023-12-29T21:34:05 IST" name="TestServerStop" finished-at="2023-12-29T21:34:05 IST" duration-ms="0" status="PASS">
          <reporter-output>
          </reporter-output>
        </test-method> <!-- TestServerStop -->
      </class> <!-- TestCases.Addtocart_TC_001 -->
    </test> <!-- Default test -->
  </suite> <!-- Default suite -->
</testng-results>
